Determining if the pthread_create exist failed with the following output:
Change Dir: /home/sdhoro/amr/AMR-workshops/build/CMakeFiles/CMakeTmp

Run Build Command:"/usr/bin/make" "cmTC_5ddbb/fast"
/usr/bin/make -f CMakeFiles/cmTC_5ddbb.dir/build.make CMakeFiles/cmTC_5ddbb.dir/build
make[1]: Entering directory '/home/sdhoro/amr/AMR-workshops/build/CMakeFiles/CMakeTmp'
Building C object CMakeFiles/cmTC_5ddbb.dir/CheckSymbolExists.c.o
/usr/bin/cc     -o CMakeFiles/cmTC_5ddbb.dir/CheckSymbolExists.c.o   -c /home/sdhoro/amr/AMR-workshops/build/CMakeFiles/CMakeTmp/CheckSymbolExists.c
Linking C executable cmTC_5ddbb
/usr/bin/cmake -E cmake_link_script CMakeFiles/cmTC_5ddbb.dir/link.txt --verbose=1
/usr/bin/cc       CMakeFiles/cmTC_5ddbb.dir/CheckSymbolExists.c.o  -o cmTC_5ddbb -rdynamic 
CMakeFiles/cmTC_5ddbb.dir/CheckSymbolExists.c.o: In function `main':
CheckSymbolExists.c:(.text+0x16): undefined reference to `pthread_create'
collect2: error: ld returned 1 exit status
CMakeFiles/cmTC_5ddbb.dir/build.make:97: recipe for target 'cmTC_5ddbb' failed
make[1]: *** [cmTC_5ddbb] Error 1
make[1]: Leaving directory '/home/sdhoro/amr/AMR-workshops/build/CMakeFiles/CMakeTmp'
Makefile:126: recipe for target 'cmTC_5ddbb/fast' failed
make: *** [cmTC_5ddbb/fast] Error 2

File /home/sdhoro/amr/AMR-workshops/build/CMakeFiles/CMakeTmp/CheckSymbolExists.c:
/* */
#include <pthread.h>

int main(int argc, char** argv)
{
  (void)argv;
#ifndef pthread_create
  return ((int*)(&pthread_create))[argc];
#else
  (void)argc;
  return 0;
#endif
}

Determining if the function pthread_create exists in the pthreads failed with the following output:
Change Dir: /home/sdhoro/amr/AMR-workshops/build/CMakeFiles/CMakeTmp

Run Build Command:"/usr/bin/make" "cmTC_5bd61/fast"
/usr/bin/make -f CMakeFiles/cmTC_5bd61.dir/build.make CMakeFiles/cmTC_5bd61.dir/build
make[1]: Entering directory '/home/sdhoro/amr/AMR-workshops/build/CMakeFiles/CMakeTmp'
Building C object CMakeFiles/cmTC_5bd61.dir/CheckFunctionExists.c.o
/usr/bin/cc    -DCHECK_FUNCTION_EXISTS=pthread_create   -o CMakeFiles/cmTC_5bd61.dir/CheckFunctionExists.c.o   -c /usr/share/cmake-3.5/Modules/CheckFunctionExists.c
Linking C executable cmTC_5bd61
/usr/bin/cmake -E cmake_link_script CMakeFiles/cmTC_5bd61.dir/link.txt --verbose=1
/usr/bin/cc   -DCHECK_FUNCTION_EXISTS=pthread_create    CMakeFiles/cmTC_5bd61.dir/CheckFunctionExists.c.o  -o cmTC_5bd61 -rdynamic -lpthreads 
/usr/bin/ld: cannot find -lpthreads
collect2: error: ld returned 1 exit status
CMakeFiles/cmTC_5bd61.dir/build.make:97: recipe for target 'cmTC_5bd61' failed
make[1]: *** [cmTC_5bd61] Error 1
make[1]: Leaving directory '/home/sdhoro/amr/AMR-workshops/build/CMakeFiles/CMakeTmp'
Makefile:126: recipe for target 'cmTC_5bd61/fast' failed
make: *** [cmTC_5bd61/fast] Error 2


Determining if the Q_WS_WIN exist failed with the following output:
Change Dir: /home/sdhoro/amr/AMR-workshops/build/CMakeFiles/CMakeTmp

Run Build Command:"/usr/bin/make" "cmTC_8bafd/fast"
make[1]: Entering directory '/home/sdhoro/amr/AMR-workshops/build/CMakeFiles/CMakeTmp'
/usr/bin/make -f CMakeFiles/cmTC_8bafd.dir/build.make CMakeFiles/cmTC_8bafd.dir/build
make[2]: Entering directory '/home/sdhoro/amr/AMR-workshops/build/CMakeFiles/CMakeTmp'
Building CXX object CMakeFiles/cmTC_8bafd.dir/CheckSymbolExists.cxx.o
/usr/bin/c++    -I/usr/include/qt4   -o CMakeFiles/cmTC_8bafd.dir/CheckSymbolExists.cxx.o -c /home/sdhoro/amr/AMR-workshops/build/CMakeFiles/CMakeTmp/CheckSymbolExists.cxx
/home/sdhoro/amr/AMR-workshops/build/CMakeFiles/CMakeTmp/CheckSymbolExists.cxx: In function ‘int main(int, char**)’:
/home/sdhoro/amr/AMR-workshops/build/CMakeFiles/CMakeTmp/CheckSymbolExists.cxx:8:19: error: ‘Q_WS_WIN’ was not declared in this scope
   return ((int*)(&Q_WS_WIN))[argc];
                   ^
CMakeFiles/cmTC_8bafd.dir/build.make:65: recipe for target 'CMakeFiles/cmTC_8bafd.dir/CheckSymbolExists.cxx.o' failed
make[2]: *** [CMakeFiles/cmTC_8bafd.dir/CheckSymbolExists.cxx.o] Error 1
make[2]: Leaving directory '/home/sdhoro/amr/AMR-workshops/build/CMakeFiles/CMakeTmp'
Makefile:126: recipe for target 'cmTC_8bafd/fast' failed
make[1]: *** [cmTC_8bafd/fast] Error 2
make[1]: Leaving directory '/home/sdhoro/amr/AMR-workshops/build/CMakeFiles/CMakeTmp'

File /home/sdhoro/amr/AMR-workshops/build/CMakeFiles/CMakeTmp/CheckSymbolExists.cxx:
/* */
#include <QtCore/qglobal.h>

int main(int argc, char** argv)
{
  (void)argv;
#ifndef Q_WS_WIN
  return ((int*)(&Q_WS_WIN))[argc];
#else
  (void)argc;
  return 0;
#endif
}

Determining if the Q_WS_QWS exist failed with the following output:
Change Dir: /home/sdhoro/amr/AMR-workshops/build/CMakeFiles/CMakeTmp

Run Build Command:"/usr/bin/make" "cmTC_b9de0/fast"
make[1]: Entering directory '/home/sdhoro/amr/AMR-workshops/build/CMakeFiles/CMakeTmp'
/usr/bin/make -f CMakeFiles/cmTC_b9de0.dir/build.make CMakeFiles/cmTC_b9de0.dir/build
make[2]: Entering directory '/home/sdhoro/amr/AMR-workshops/build/CMakeFiles/CMakeTmp'
Building CXX object CMakeFiles/cmTC_b9de0.dir/CheckSymbolExists.cxx.o
/usr/bin/c++    -I/usr/include/qt4   -o CMakeFiles/cmTC_b9de0.dir/CheckSymbolExists.cxx.o -c /home/sdhoro/amr/AMR-workshops/build/CMakeFiles/CMakeTmp/CheckSymbolExists.cxx
/home/sdhoro/amr/AMR-workshops/build/CMakeFiles/CMakeTmp/CheckSymbolExists.cxx: In function ‘int main(int, char**)’:
/home/sdhoro/amr/AMR-workshops/build/CMakeFiles/CMakeTmp/CheckSymbolExists.cxx:8:19: error: ‘Q_WS_QWS’ was not declared in this scope
   return ((int*)(&Q_WS_QWS))[argc];
                   ^
CMakeFiles/cmTC_b9de0.dir/build.make:65: recipe for target 'CMakeFiles/cmTC_b9de0.dir/CheckSymbolExists.cxx.o' failed
make[2]: *** [CMakeFiles/cmTC_b9de0.dir/CheckSymbolExists.cxx.o] Error 1
make[2]: Leaving directory '/home/sdhoro/amr/AMR-workshops/build/CMakeFiles/CMakeTmp'
Makefile:126: recipe for target 'cmTC_b9de0/fast' failed
make[1]: *** [cmTC_b9de0/fast] Error 2
make[1]: Leaving directory '/home/sdhoro/amr/AMR-workshops/build/CMakeFiles/CMakeTmp'

File /home/sdhoro/amr/AMR-workshops/build/CMakeFiles/CMakeTmp/CheckSymbolExists.cxx:
/* */
#include <QtCore/qglobal.h>

int main(int argc, char** argv)
{
  (void)argv;
#ifndef Q_WS_QWS
  return ((int*)(&Q_WS_QWS))[argc];
#else
  (void)argc;
  return 0;
#endif
}

Determining if the Q_WS_MAC exist failed with the following output:
Change Dir: /home/sdhoro/amr/AMR-workshops/build/CMakeFiles/CMakeTmp

Run Build Command:"/usr/bin/make" "cmTC_7918f/fast"
make[1]: Entering directory '/home/sdhoro/amr/AMR-workshops/build/CMakeFiles/CMakeTmp'
/usr/bin/make -f CMakeFiles/cmTC_7918f.dir/build.make CMakeFiles/cmTC_7918f.dir/build
make[2]: Entering directory '/home/sdhoro/amr/AMR-workshops/build/CMakeFiles/CMakeTmp'
Building CXX object CMakeFiles/cmTC_7918f.dir/CheckSymbolExists.cxx.o
/usr/bin/c++    -I/usr/include/qt4   -o CMakeFiles/cmTC_7918f.dir/CheckSymbolExists.cxx.o -c /home/sdhoro/amr/AMR-workshops/build/CMakeFiles/CMakeTmp/CheckSymbolExists.cxx
/home/sdhoro/amr/AMR-workshops/build/CMakeFiles/CMakeTmp/CheckSymbolExists.cxx: In function ‘int main(int, char**)’:
/home/sdhoro/amr/AMR-workshops/build/CMakeFiles/CMakeTmp/CheckSymbolExists.cxx:8:19: error: ‘Q_WS_MAC’ was not declared in this scope
   return ((int*)(&Q_WS_MAC))[argc];
                   ^
CMakeFiles/cmTC_7918f.dir/build.make:65: recipe for target 'CMakeFiles/cmTC_7918f.dir/CheckSymbolExists.cxx.o' failed
make[2]: *** [CMakeFiles/cmTC_7918f.dir/CheckSymbolExists.cxx.o] Error 1
make[2]: Leaving directory '/home/sdhoro/amr/AMR-workshops/build/CMakeFiles/CMakeTmp'
Makefile:126: recipe for target 'cmTC_7918f/fast' failed
make[1]: *** [cmTC_7918f/fast] Error 2
make[1]: Leaving directory '/home/sdhoro/amr/AMR-workshops/build/CMakeFiles/CMakeTmp'

File /home/sdhoro/amr/AMR-workshops/build/CMakeFiles/CMakeTmp/CheckSymbolExists.cxx:
/* */
#include <QtCore/qglobal.h>

int main(int argc, char** argv)
{
  (void)argv;
#ifndef Q_WS_MAC
  return ((int*)(&Q_WS_MAC))[argc];
#else
  (void)argc;
  return 0;
#endif
}

